-------------------------------------------------------------------------------
Test set: TestSuite
-------------------------------------------------------------------------------
Tests run: 2, Failures: 1, Errors: 0, Skipped: 0, Time elapsed: 1.938 sec <<< FAILURE!
afterTest(com.lambdatest.Tests.SingleTest)  Time elapsed: 0.005 sec  <<< FAILURE!
java.lang.NullPointerException
	at com.lambdatest.Tests.SingleTest.afterTest(SingleTest.java:83)

