<?xml version="1.0" encoding="UTF-8"?>
<!-- Generated by org.testng.reporters.JUnitXMLReporter -->
<testsuite hostname="ws-a54fa245-17df-4249-8d39-b50a45749cf7" failures="0" tests="1" name="Test1" time="1.473" errors="0" timestamp="10 May 2021 14:24:19 GMT">
  <testcase classname="com.lambdatest.Tests.SingleTest" name="@AfterTest afterTest" time="0.0">
    <failure type="java.lang.NullPointerException">
      <![CDATA[java.lang.NullPointerException
	at com.lambdatest.Tests.SingleTest.afterTest(SingleTest.java:83)
	at java.base/java.util.concurrent.FutureTask.run(FutureTask.java:264)
	at java.base/java.util.concurrent.ThreadPoolExecutor.runWorker(ThreadPoolExecutor.java:1128)
	at java.base/java.util.concurrent.ThreadPoolExecutor$Worker.run(ThreadPoolExecutor.java:628)
	at java.base/java.lang.Thread.run(Thread.java:834)
... Removed 14 stack frames]]>
    </failure>
  </testcase> <!-- @AfterTest afterTest -->
  <testcase classname="com.lambdatest.Tests.SingleTest" name="test" time="0.002"/>
</testsuite> <!-- Test1 -->
